g:\xiangsu\mfcfindman2\mfcfindman2\debug\vc141.pdb
g:\xiangsu\mfcfindman2\mfcfindman2\debug\vc141.idb
g:\xiangsu\mfcfindman2\mfcfindman2\debug\mfcfindman2dlg.obj
g:\xiangsu\mfcfindman2\mfcfindman2\debug\mfcfindman2.obj
g:\xiangsu\mfcfindman2\mfcfindman2\debug\utils.obj
g:\xiangsu\mfcfindman2\mfcfindman2\debug\testop.obj
g:\xiangsu\mfcfindman2\mfcfindman2\debug\trim_space.obj
g:\xiangsu\mfcfindman2\mfcfindman2\debug\cfg_op.obj
g:\xiangsu\mfcfindman2\mfcfindman2\debug\daoutils.obj
g:\xiangsu\mfcfindman2\mfcfindman2\debug\person.obj
g:\xiangsu\mfcfindman2\mfcfindman2\debug\addgroup.obj
g:\xiangsu\mfcfindman2\mfcfindman2\debug\matchuser.obj
g:\xiangsu\mfcfindman2\mfcfindman2\debug\mfcfindman2.pch
g:\xiangsu\mfcfindman2\mfcfindman2\debug\stdafx.obj
g:\xiangsu\mfcfindman2\mfcfindman2\debug\lmatchperson.obj
g:\xiangsu\mfcfindman2\debug\mfcfindman2.exe
g:\xiangsu\mfcfindman2\debug\mfcfindman2.ilk
g:\xiangsu\mfcfindman2\debug\mfcfindman2.pdb
g:\xiangsu\mfcfindman2\mfcfindman2\debug\mfcfindman2.res
g:\xiangsu\mfcfindman2\mfcfindman2\debug\mfcfindman2.tlog\cl.command.1.tlog
g:\xiangsu\mfcfindman2\mfcfindman2\debug\mfcfindman2.tlog\cl.read.1.tlog
g:\xiangsu\mfcfindman2\mfcfindman2\debug\mfcfindman2.tlog\cl.write.1.tlog
g:\xiangsu\mfcfindman2\mfcfindman2\debug\mfcfindman2.tlog\link.command.1.tlog
g:\xiangsu\mfcfindman2\mfcfindman2\debug\mfcfindman2.tlog\link.read.1.tlog
g:\xiangsu\mfcfindman2\mfcfindman2\debug\mfcfindman2.tlog\link.write.1.tlog
g:\xiangsu\mfcfindman2\mfcfindman2\debug\mfcfindman2.tlog\rc.command.1.tlog
g:\xiangsu\mfcfindman2\mfcfindman2\debug\mfcfindman2.tlog\rc.read.1.tlog
g:\xiangsu\mfcfindman2\mfcfindman2\debug\mfcfindman2.tlog\rc.write.1.tlog
